08:48:26.747 [main] INFO  org.example.service.TraineeService - Retrieved all Trainees: [Trainee(id=1, dateOfBirth=Sat May 12 00:00:00 CEST 1990, address=123 Main St, userId=1), Trainee(id=2, dateOfBirth=Sat Feb 15 00:00:00 CET 1992, address=456 Oak St, userId=2)]
08:49:58.884 [main] INFO  org.example.service.TraineeService - Retrieved all Trainees: [Trainee(id=1, dateOfBirth=Sat May 12 00:00:00 CEST 1990, address=123 Main St, userId=1), Trainee(id=2, dateOfBirth=Sat Feb 15 00:00:00 CET 1992, address=456 Oak St, userId=2)]
08:49:58.886 [main] INFO  org.example.service.TrainerService - Retrieved all Trainers: [Trainer(id=1, specialization=1, userId=1), Trainer(id=2, specialization=2, userId=2)]
08:51:41.723 [main] INFO  org.example.service.TraineeService - Retrieved all Trainees: [Trainee(id=1, dateOfBirth=Sat May 12 00:00:00 CEST 1990, address=123 Main St, userId=1), Trainee(id=2, dateOfBirth=Sat Feb 15 00:00:00 CET 1992, address=456 Oak St, userId=2)]
08:51:41.725 [main] INFO  org.example.service.TrainerService - Retrieved all Trainers: [Trainer(id=1, specialization=1, userId=1), Trainer(id=2, specialization=2, userId=2)]
08:51:41.725 [main] INFO  org.example.service.TrainingService - Retrieved all Trainings: [Training(id=1, traineeId=1, trainerId=1, trainingName=Training1, trainingTypeId=1, trainingDate=Sat Nov 18 08:51:41 CET 2023, trainingDuration=60), Training(id=2, traineeId=2, trainerId=2, trainingName=Training2, trainingTypeId=2, trainingDate=Sat Nov 18 08:51:41 CET 2023, trainingDuration=45)]
08:52:55.205 [main] INFO  org.example.service.TraineeService - Retrieved all Trainees: [Trainee(id=1, dateOfBirth=Sat May 12 00:00:00 CEST 1990, address=123 Main St, userId=1), Trainee(id=2, dateOfBirth=Sat Feb 15 00:00:00 CET 1992, address=456 Oak St, userId=2)]
08:52:55.207 [main] INFO  org.example.facade.GymFacade - Retrieved all Trainees: [Trainee(id=1, dateOfBirth=Sat May 12 00:00:00 CEST 1990, address=123 Main St, userId=1), Trainee(id=2, dateOfBirth=Sat Feb 15 00:00:00 CET 1992, address=456 Oak St, userId=2)]
08:52:55.207 [main] INFO  org.example.service.TrainerService - Retrieved all Trainers: [Trainer(id=1, specialization=1, userId=1), Trainer(id=2, specialization=2, userId=2)]
08:52:55.207 [main] INFO  org.example.facade.GymFacade - Retrieved all Trainers: [Trainer(id=1, specialization=1, userId=1), Trainer(id=2, specialization=2, userId=2)]
08:52:55.208 [main] INFO  org.example.service.TrainingService - Retrieved all Trainings: [Training(id=1, traineeId=1, trainerId=1, trainingName=Training1, trainingTypeId=1, trainingDate=Sat Nov 18 08:52:55 CET 2023, trainingDuration=60), Training(id=2, traineeId=2, trainerId=2, trainingName=Training2, trainingTypeId=2, trainingDate=Sat Nov 18 08:52:55 CET 2023, trainingDuration=45)]
08:52:55.208 [main] INFO  org.example.facade.GymFacade - Retrieved all Trainings: [Training(id=1, traineeId=1, trainerId=1, trainingName=Training1, trainingTypeId=1, trainingDate=Sat Nov 18 08:52:55 CET 2023, trainingDuration=60), Training(id=2, traineeId=2, trainerId=2, trainingName=Training2, trainingTypeId=2, trainingDate=Sat Nov 18 08:52:55 CET 2023, trainingDuration=45)]
08:56:30.991 [main] INFO  org.example.service.TraineeService - Retrieved all Trainees: [Trainee(id=1, dateOfBirth=Sat May 12 00:00:00 CEST 1990, address=123 Main St, userId=1), Trainee(id=2, dateOfBirth=Sat Feb 15 00:00:00 CET 1992, address=456 Oak St, userId=2)]
08:56:30.993 [main] INFO  org.example.facade.GymFacade - Reading trainees...
08:56:30.994 [main] INFO  org.example.service.TrainerService - Retrieved all Trainers: [Trainer(id=1, specialization=1, userId=1), Trainer(id=2, specialization=2, userId=2)]
08:56:30.994 [main] INFO  org.example.facade.GymFacade - Reading trainers...
08:56:30.994 [main] INFO  org.example.service.TrainingService - Retrieved all Trainings: [Training(id=1, traineeId=1, trainerId=1, trainingName=Training1, trainingTypeId=1, trainingDate=Sat Nov 18 08:56:30 CET 2023, trainingDuration=60), Training(id=2, traineeId=2, trainerId=2, trainingName=Training2, trainingTypeId=2, trainingDate=Sat Nov 18 08:56:30 CET 2023, trainingDuration=45)]
08:56:30.994 [main] INFO  org.example.facade.GymFacade - Reading trainings...
09:00:56.987 [main] INFO  org.example.facade.GymFacade - Reading trainees...
09:00:57.000 [main] INFO  org.example.service.TraineeService - Retrieved all Trainees: [Trainee(id=1, dateOfBirth=Sat May 12 00:00:00 CEST 1990, address=123 Main St, userId=1), Trainee(id=2, dateOfBirth=Sat Feb 15 00:00:00 CET 1992, address=456 Oak St, userId=2)]
09:00:57.000 [main] INFO  org.example.facade.GymFacade - Finished reading trainees successfully.
09:00:57.001 [main] INFO  org.example.facade.GymFacade - Reading trainers...
09:00:57.001 [main] INFO  org.example.service.TrainerService - Retrieved all Trainers: [Trainer(id=1, specialization=1, userId=1), Trainer(id=2, specialization=2, userId=2)]
09:00:57.001 [main] INFO  org.example.facade.GymFacade - Finished reading trainers successfully.
09:00:57.001 [main] INFO  org.example.facade.GymFacade - Reading trainings...
09:00:57.001 [main] INFO  org.example.service.TrainingService - Retrieved all Trainings: [Training(id=1, traineeId=1, trainerId=1, trainingName=Training1, trainingTypeId=1, trainingDate=Sat Nov 18 09:00:56 CET 2023, trainingDuration=60), Training(id=2, traineeId=2, trainerId=2, trainingName=Training2, trainingTypeId=2, trainingDate=Sat Nov 18 09:00:56 CET 2023, trainingDuration=45)]
09:00:57.001 [main] INFO  org.example.facade.GymFacade - Finished reading trainings successfully.
09:02:34.844 [main] INFO  org.example.facade.GymFacade - Reading trainees...
09:02:34.856 [main] INFO  org.example.service.TraineeService - Retrieved all Trainees: [Trainee(id=1, dateOfBirth=Sat May 12 00:00:00 CEST 1990, address=123 Main St, userId=1), Trainee(id=2, dateOfBirth=Sat Feb 15 00:00:00 CET 1992, address=456 Oak St, userId=2)]
09:02:34.856 [main] INFO  org.example.facade.GymFacade - Reading trainers...
09:02:34.856 [main] INFO  org.example.service.TrainerService - Retrieved all Trainers: [Trainer(id=1, specialization=1, userId=1), Trainer(id=2, specialization=2, userId=2)]
09:02:34.857 [main] INFO  org.example.facade.GymFacade - Reading trainings...
09:02:34.857 [main] INFO  org.example.service.TrainingService - Retrieved all Trainings: [Training(id=1, traineeId=1, trainerId=1, trainingName=Training1, trainingTypeId=1, trainingDate=Sat Nov 18 09:02:34 CET 2023, trainingDuration=60), Training(id=2, traineeId=2, trainerId=2, trainingName=Training2, trainingTypeId=2, trainingDate=Sat Nov 18 09:02:34 CET 2023, trainingDuration=45)]
09:04:07.503 [main] INFO  org.example.facade.GymFacade - Reading trainees...
09:04:07.516 [main] INFO  org.example.service.TraineeService - Retrieved all Trainees: [Trainee(id=1, dateOfBirth=Sat May 12 00:00:00 CEST 1990, address=123 Main St, userId=1), Trainee(id=2, dateOfBirth=Sat Feb 15 00:00:00 CET 1992, address=456 Oak St, userId=2)]
09:04:07.516 [main] INFO  org.example.facade.GymFacade - Reading trainers...
09:04:07.516 [main] INFO  org.example.service.TrainerService - Retrieved all Trainers: [Trainer(id=1, specialization=1, userId=1), Trainer(id=2, specialization=2, userId=2)]
09:04:07.516 [main] INFO  org.example.facade.GymFacade - Reading trainings...
09:04:07.516 [main] INFO  org.example.service.TrainingService - Retrieved all Trainings: [Training(id=1, traineeId=1, trainerId=1, trainingName=Training1, trainingTypeId=1, trainingDate=Sat Nov 18 09:04:07 CET 2023, trainingDuration=60), Training(id=2, traineeId=2, trainerId=2, trainingName=Training2, trainingTypeId=2, trainingDate=Sat Nov 18 09:04:07 CET 2023, trainingDuration=45)]
09:05:22.784 [main] INFO  org.example.facade.GymFacade - Reading trainees...
09:05:22.786 [main] ERROR org.example.dao.TraineeDAO - No trainees found.
09:05:22.791 [main] INFO  org.example.service.TraineeService - Retrieved all Trainees: []
09:05:22.791 [main] INFO  org.example.facade.GymFacade - Reading trainers...
09:05:22.791 [main] INFO  org.example.service.TrainerService - Retrieved all Trainers: [Trainer(id=1, specialization=1, userId=1), Trainer(id=2, specialization=2, userId=2)]
09:05:22.791 [main] INFO  org.example.facade.GymFacade - Reading trainings...
09:05:22.797 [main] INFO  org.example.service.TrainingService - Retrieved all Trainings: [Training(id=1, traineeId=1, trainerId=1, trainingName=Training1, trainingTypeId=1, trainingDate=Sat Nov 18 09:05:22 CET 2023, trainingDuration=60), Training(id=2, traineeId=2, trainerId=2, trainingName=Training2, trainingTypeId=2, trainingDate=Sat Nov 18 09:05:22 CET 2023, trainingDuration=45)]
09:06:47.492 [main] INFO  org.example.facade.GymFacade - Reading trainees...
09:06:47.505 [main] INFO  org.example.service.TraineeService - Retrieved all Trainees: [Trainee(id=1, dateOfBirth=Sat May 12 00:00:00 CEST 1990, address=123 Main St, userId=1), Trainee(id=2, dateOfBirth=Sat Feb 15 00:00:00 CET 1992, address=456 Oak St, userId=2)]
09:06:47.505 [main] INFO  org.example.facade.GymFacade - Reading trainers...
09:06:47.505 [main] INFO  org.example.service.TrainerService - Retrieved all Trainers: [Trainer(id=1, specialization=1, userId=1), Trainer(id=2, specialization=2, userId=2)]
09:06:47.505 [main] INFO  org.example.facade.GymFacade - Reading trainings...
09:06:47.505 [main] INFO  org.example.service.TrainingService - Retrieved all Trainings: [Training(id=1, traineeId=1, trainerId=1, trainingName=Training1, trainingTypeId=1, trainingDate=Sat Nov 18 09:06:47 CET 2023, trainingDuration=60), Training(id=2, traineeId=2, trainerId=2, trainingName=Training2, trainingTypeId=2, trainingDate=Sat Nov 18 09:06:47 CET 2023, trainingDuration=45)]
